{"contracts/FeeCalculator.sol":{"l":{"38":111,"43":11,"47":10,"55":2,"71":51,"73":51,"75":51,"89":17,"103":27,"104":27,"109":27,"110":27,"112":27,"117":27,"121":27,"125":27,"127":27,"136":0,"149":9,"150":9},"path":"/Users/ventsislav/Documents/projects/hedera/hedera-eth-bridge-contracts/contracts/FeeCalculator.sol","s":{"1":111,"2":11,"3":2,"4":51,"5":51,"6":51,"7":17,"8":27,"9":27,"10":27,"11":27,"12":27,"13":27,"14":27,"15":27,"16":27,"17":0,"18":9,"19":9},"b":{"1":[10,1]},"f":{"1":111,"2":11,"3":2,"4":51,"5":17,"6":27,"7":0,"8":9},"fnMap":{"1":{"name":"constructor","line":37,"loc":{"start":{"line":37,"column":4},"end":{"line":37,"column":41}}},"2":{"name":"onlyValidServiceFee","line":42,"loc":{"start":{"line":42,"column":4},"end":{"line":42,"column":51}}},"3":{"name":"getTxCostsPerMember","line":50,"loc":{"start":{"line":50,"column":4},"end":{"line":54,"column":5}}},"4":{"name":"distributeRewards","line":65,"loc":{"start":{"line":65,"column":4},"end":{"line":70,"column":16}}},"5":{"name":"distributeRewards","line":86,"loc":{"start":{"line":86,"column":4},"end":{"line":88,"column":5}}},"6":{"name":"_claimAsset","line":99,"loc":{"start":{"line":99,"column":4},"end":{"line":102,"column":5}}},"7":{"name":"addNewMember","line":135,"loc":{"start":{"line":135,"column":4},"end":{"line":135,"column":64}}},"8":{"name":"setServiceFee","line":144,"loc":{"start":{"line":144,"column":4},"end":{"line":148,"column":5}}}},"statementMap":{"1":{"start":{"line":38,"column":8},"end":{"line":38,"column":31}},"2":{"start":{"line":43,"column":8},"end":{"line":43,"column":1405}},"3":{"start":{"line":55,"column":8},"end":{"line":55,"column":57}},"4":{"start":{"line":71,"column":8},"end":{"line":71,"column":55}},"5":{"start":{"line":73,"column":8},"end":{"line":73,"column":77}},"6":{"start":{"line":75,"column":8},"end":{"line":75,"column":2394}},"7":{"start":{"line":89,"column":8},"end":{"line":89,"column":2834}},"8":{"start":{"line":103,"column":8},"end":{"line":103,"column":55}},"9":{"start":{"line":104,"column":8},"end":{"line":104,"column":3341}},"10":{"start":{"line":109,"column":8},"end":{"line":109,"column":56}},"11":{"start":{"line":110,"column":8},"end":{"line":110,"column":64}},"12":{"start":{"line":112,"column":8},"end":{"line":112,"column":3610}},"13":{"start":{"line":117,"column":8},"end":{"line":117,"column":3778}},"14":{"start":{"line":121,"column":8},"end":{"line":121,"column":3901}},"15":{"start":{"line":125,"column":8},"end":{"line":125,"column":46}},"16":{"start":{"line":127,"column":8},"end":{"line":127,"column":30}},"17":{"start":{"line":136,"column":8},"end":{"line":136,"column":4371}},"18":{"start":{"line":149,"column":8},"end":{"line":149,"column":31}},"19":{"start":{"line":150,"column":8},"end":{"line":150,"column":51}}},"branchMap":{"1":{"line":43,"type":"if","locations":[{"start":{"line":43,"column":8},"end":{"line":43,"column":8}},{"start":{"line":43,"column":8},"end":{"line":43,"column":8}}]}}},"contracts/Governance.sol":{"l":{"22":81,"23":79,"32":248,"33":238,"38":10,"43":246,"48":263,"53":92,"58":4},"path":"/Users/ventsislav/Documents/projects/hedera/hedera-eth-bridge-contracts/contracts/Governance.sol","s":{"1":81,"2":248,"3":238,"4":10,"5":10,"6":246,"7":263,"8":92,"9":4},"b":{"1":[79,2],"2":[238,10],"3":[237,1],"4":[10,0],"5":[9,1]},"f":{"1":81,"2":248,"3":263,"4":92,"5":4},"fnMap":{"1":{"name":"onlyMember","line":21,"loc":{"start":{"line":21,"column":4},"end":{"line":21,"column":23}}},"2":{"name":"_updateMember","line":31,"loc":{"start":{"line":31,"column":4},"end":{"line":31,"column":65}}},"3":{"name":"isMember","line":47,"loc":{"start":{"line":47,"column":4},"end":{"line":47,"column":63}}},"4":{"name":"membersCount","line":52,"loc":{"start":{"line":52,"column":4},"end":{"line":52,"column":55}}},"5":{"name":"memberAt","line":57,"loc":{"start":{"line":57,"column":4},"end":{"line":57,"column":64}}}},"statementMap":{"1":{"start":{"line":22,"column":8},"end":{"line":22,"column":78}},"2":{"start":{"line":32,"column":8},"end":{"line":32,"column":1058}},"3":{"start":{"line":33,"column":12},"end":{"line":33,"column":1090}},"4":{"start":{"line":37,"column":15},"end":{"line":37,"column":1218}},"5":{"start":{"line":38,"column":12},"end":{"line":38,"column":1251}},"6":{"start":{"line":43,"column":8},"end":{"line":43,"column":45}},"7":{"start":{"line":48,"column":8},"end":{"line":48,"column":43}},"8":{"start":{"line":53,"column":8},"end":{"line":53,"column":34}},"9":{"start":{"line":58,"column":8},"end":{"line":58,"column":35}}},"branchMap":{"1":{"line":22,"type":"if","locations":[{"start":{"line":22,"column":8},"end":{"line":22,"column":8}},{"start":{"line":22,"column":8},"end":{"line":22,"column":8}}]},"2":{"line":32,"type":"if","locations":[{"start":{"line":32,"column":8},"end":{"line":32,"column":8}},{"start":{"line":32,"column":8},"end":{"line":32,"column":8}}]},"3":{"line":33,"type":"if","locations":[{"start":{"line":33,"column":12},"end":{"line":33,"column":12}},{"start":{"line":33,"column":12},"end":{"line":33,"column":12}}]},"4":{"line":37,"type":"if","locations":[{"start":{"line":37,"column":15},"end":{"line":37,"column":15}},{"start":{"line":37,"column":15},"end":{"line":37,"column":15}}]},"5":{"line":38,"type":"if","locations":[{"start":{"line":38,"column":12},"end":{"line":38,"column":12}},{"start":{"line":38,"column":12},"end":{"line":38,"column":12}}]}}},"contracts/Interfaces/IWrappedToken.sol":{"l":{},"path":"/Users/ventsislav/Documents/projects/hedera/hedera-eth-bridge-contracts/contracts/Interfaces/IWrappedToken.sol","s":{},"b":{},"f":{},"fnMap":{},"statementMap":{},"branchMap":{}},"contracts/Router/Router.sol":{"l":{"63":61,"64":61,"65":61,"66":60,"71":63,"75":62,"80":73,"81":72,"104":6,"107":6,"109":6,"111":6,"113":6,"115":6,"116":6,"142":54,"152":54,"154":51,"157":51,"159":51,"161":51,"162":51,"176":12,"178":11,"180":11,"182":11,"183":9,"185":9,"189":24,"190":24,"191":24,"200":248,"201":238,"202":0,"205":10,"206":3,"208":3,"211":248,"225":69,"226":69,"227":69,"228":69,"232":69,"233":69,"235":0,"239":0,"240":0,"241":0,"245":69,"250":73,"255":251,"260":6,"270":6,"272":6,"284":54,"295":54,"309":60,"311":60,"312":176,"313":176,"314":174,"318":173,"320":57},"path":"/Users/ventsislav/Documents/projects/hedera/hedera-eth-bridge-contracts/contracts/Router/Router.sol","s":{"1":61,"2":61,"3":61,"4":63,"5":73,"6":6,"7":6,"8":6,"9":6,"10":6,"11":6,"12":6,"13":54,"14":54,"15":51,"16":51,"17":51,"18":51,"19":51,"20":12,"21":11,"22":11,"23":11,"24":9,"25":9,"26":24,"27":24,"28":24,"29":248,"30":238,"31":0,"32":10,"33":3,"34":3,"35":248,"36":69,"37":69,"38":69,"39":69,"40":69,"41":69,"42":0,"43":0,"44":0,"45":0,"46":69,"47":73,"48":251,"49":6,"50":6,"51":6,"52":54,"53":54,"54":60,"55":60,"56":176,"57":176,"58":174,"59":173,"60":57},"b":{"1":[61,0],"2":[60,1],"3":[62,1],"4":[72,1],"5":[11,1],"6":[238,10],"7":[69,0],"8":[69,0],"9":[69,0],"10":[69,0],"11":[0,0],"12":[174,2],"13":[173,1]},"f":{"1":111,"2":61,"3":63,"4":73,"5":6,"6":54,"7":12,"8":24,"9":248,"10":69,"11":73,"12":251,"13":6,"14":6,"15":54,"16":60},"fnMap":{"1":{"name":"constructor","line":59,"loc":{"start":{"line":59,"column":4},"end":{"line":59,"column":68}}},"2":{"name":"onlyValidSignatures","line":62,"loc":{"start":{"line":62,"column":4},"end":{"line":62,"column":41}}},"3":{"name":"onlyValidTxId","line":70,"loc":{"start":{"line":70,"column":4},"end":{"line":70,"column":43}}},"4":{"name":"containsAsset","line":79,"loc":{"start":{"line":79,"column":4},"end":{"line":79,"column":39}}},"5":{"name":"mint","line":92,"loc":{"start":{"line":92,"column":4},"end":{"line":103,"column":5}}},"6":{"name":"mintWithReimbursement","line":128,"loc":{"start":{"line":128,"column":4},"end":{"line":141,"column":5}}},"7":{"name":"burn","line":171,"loc":{"start":{"line":171,"column":4},"end":{"line":175,"column":35}}},"8":{"name":"claim","line":188,"loc":{"start":{"line":188,"column":4},"end":{"line":188,"column":49}}},"9":{"name":"updateMember","line":199,"loc":{"start":{"line":199,"column":4},"end":{"line":199,"column":72}}},"10":{"name":"updateAsset","line":220,"loc":{"start":{"line":220,"column":4},"end":{"line":224,"column":24}}},"11":{"name":"isAsset","line":249,"loc":{"start":{"line":249,"column":4},"end":{"line":249,"column":60}}},"12":{"name":"assetsCount","line":254,"loc":{"start":{"line":254,"column":4},"end":{"line":254,"column":54}}},"13":{"name":"assetAt","line":259,"loc":{"start":{"line":259,"column":4},"end":{"line":259,"column":63}}},"14":{"name":"_computeMessage","line":264,"loc":{"start":{"line":264,"column":4},"end":{"line":269,"column":38}}},"15":{"name":"_computeMessage","line":276,"loc":{"start":{"line":276,"column":4},"end":{"line":283,"column":38}}},"16":{"name":"validateAndStoreTx","line":304,"loc":{"start":{"line":304,"column":4},"end":{"line":308,"column":15}}}},"statementMap":{"1":{"start":{"line":63,"column":8},"end":{"line":63,"column":40}},"2":{"start":{"line":64,"column":8},"end":{"line":64,"column":68}},"3":{"start":{"line":65,"column":8},"end":{"line":65,"column":71}},"4":{"start":{"line":71,"column":8},"end":{"line":71,"column":2531}},"5":{"start":{"line":80,"column":8},"end":{"line":80,"column":67}},"6":{"start":{"line":104,"column":8},"end":{"line":104,"column":3691}},"7":{"start":{"line":107,"column":8},"end":{"line":107,"column":61}},"8":{"start":{"line":109,"column":8},"end":{"line":109,"column":75}},"9":{"start":{"line":111,"column":8},"end":{"line":111,"column":52}},"10":{"start":{"line":113,"column":8},"end":{"line":113,"column":62}},"11":{"start":{"line":115,"column":8},"end":{"line":115,"column":56}},"12":{"start":{"line":116,"column":8},"end":{"line":116,"column":74}},"13":{"start":{"line":142,"column":8},"end":{"line":142,"column":5038}},"14":{"start":{"line":152,"column":8},"end":{"line":152,"column":61}},"15":{"start":{"line":154,"column":8},"end":{"line":154,"column":5378}},"16":{"start":{"line":157,"column":8},"end":{"line":157,"column":72}},"17":{"start":{"line":159,"column":8},"end":{"line":159,"column":74}},"18":{"start":{"line":161,"column":8},"end":{"line":161,"column":56}},"19":{"start":{"line":162,"column":8},"end":{"line":162,"column":79}},"20":{"start":{"line":176,"column":8},"end":{"line":176,"column":69}},"21":{"start":{"line":178,"column":8},"end":{"line":178,"column":75}},"22":{"start":{"line":180,"column":8},"end":{"line":180,"column":52}},"23":{"start":{"line":182,"column":8},"end":{"line":182,"column":56}},"24":{"start":{"line":183,"column":8},"end":{"line":183,"column":63}},"25":{"start":{"line":185,"column":8},"end":{"line":185,"column":75}},"26":{"start":{"line":189,"column":8},"end":{"line":189,"column":64}},"27":{"start":{"line":190,"column":8},"end":{"line":190,"column":61}},"28":{"start":{"line":191,"column":8},"end":{"line":191,"column":47}},"29":{"start":{"line":200,"column":8},"end":{"line":200,"column":7094}},"30":{"start":{"line":201,"column":12},"end":{"line":201,"column":7126}},"31":{"start":{"line":202,"column":16},"end":{"line":202,"column":48}},"32":{"start":{"line":205,"column":12},"end":{"line":205,"column":7266}},"33":{"start":{"line":206,"column":16},"end":{"line":206,"column":72}},"34":{"start":{"line":208,"column":16},"end":{"line":208,"column":69}},"35":{"start":{"line":211,"column":8},"end":{"line":211,"column":39}},"36":{"start":{"line":225,"column":8},"end":{"line":225,"column":77}},"37":{"start":{"line":226,"column":8},"end":{"line":226,"column":67}},"38":{"start":{"line":227,"column":8},"end":{"line":227,"column":8037}},"39":{"start":{"line":228,"column":12},"end":{"line":228,"column":8069}},"40":{"start":{"line":232,"column":12},"end":{"line":232,"column":45}},"41":{"start":{"line":233,"column":12},"end":{"line":233,"column":45}},"42":{"start":{"line":235,"column":12},"end":{"line":235,"column":8314}},"43":{"start":{"line":239,"column":12},"end":{"line":239,"column":8452}},"44":{"start":{"line":240,"column":16},"end":{"line":240,"column":76}},"45":{"start":{"line":241,"column":16},"end":{"line":241,"column":74}},"46":{"start":{"line":245,"column":8},"end":{"line":245,"column":49}},"47":{"start":{"line":250,"column":8},"end":{"line":250,"column":40}},"48":{"start":{"line":255,"column":8},"end":{"line":255,"column":33}},"49":{"start":{"line":260,"column":8},"end":{"line":260,"column":34}},"50":{"start":{"line":270,"column":8},"end":{"line":270,"column":9599}},"51":{"start":{"line":272,"column":8},"end":{"line":272,"column":55}},"52":{"start":{"line":284,"column":8},"end":{"line":284,"column":10040}},"53":{"start":{"line":295,"column":8},"end":{"line":295,"column":55}},"54":{"start":{"line":309,"column":8},"end":{"line":309,"column":70}},"55":{"start":{"line":311,"column":8},"end":{"line":311,"column":10904}},"56":{"start":{"line":312,"column":12},"end":{"line":312,"column":66}},"57":{"start":{"line":313,"column":12},"end":{"line":313,"column":62}},"58":{"start":{"line":314,"column":12},"end":{"line":314,"column":11103}},"59":{"start":{"line":318,"column":12},"end":{"line":318,"column":48}},"60":{"start":{"line":320,"column":8},"end":{"line":320,"column":36}}},"branchMap":{"1":{"line":64,"type":"if","locations":[{"start":{"line":64,"column":8},"end":{"line":64,"column":8}},{"start":{"line":64,"column":8},"end":{"line":64,"column":8}}]},"2":{"line":65,"type":"if","locations":[{"start":{"line":65,"column":8},"end":{"line":65,"column":8}},{"start":{"line":65,"column":8},"end":{"line":65,"column":8}}]},"3":{"line":71,"type":"if","locations":[{"start":{"line":71,"column":8},"end":{"line":71,"column":8}},{"start":{"line":71,"column":8},"end":{"line":71,"column":8}}]},"4":{"line":80,"type":"if","locations":[{"start":{"line":80,"column":8},"end":{"line":80,"column":8}},{"start":{"line":80,"column":8},"end":{"line":80,"column":8}}]},"5":{"line":176,"type":"if","locations":[{"start":{"line":176,"column":8},"end":{"line":176,"column":8}},{"start":{"line":176,"column":8},"end":{"line":176,"column":8}}]},"6":{"line":200,"type":"if","locations":[{"start":{"line":200,"column":8},"end":{"line":200,"column":8}},{"start":{"line":200,"column":8},"end":{"line":200,"column":8}}]},"7":{"line":225,"type":"if","locations":[{"start":{"line":225,"column":8},"end":{"line":225,"column":8}},{"start":{"line":225,"column":8},"end":{"line":225,"column":8}}]},"8":{"line":226,"type":"if","locations":[{"start":{"line":226,"column":8},"end":{"line":226,"column":8}},{"start":{"line":226,"column":8},"end":{"line":226,"column":8}}]},"9":{"line":227,"type":"if","locations":[{"start":{"line":227,"column":8},"end":{"line":227,"column":8}},{"start":{"line":227,"column":8},"end":{"line":227,"column":8}}]},"10":{"line":228,"type":"if","locations":[{"start":{"line":228,"column":12},"end":{"line":228,"column":12}},{"start":{"line":228,"column":12},"end":{"line":228,"column":12}}]},"11":{"line":235,"type":"if","locations":[{"start":{"line":235,"column":12},"end":{"line":235,"column":12}},{"start":{"line":235,"column":12},"end":{"line":235,"column":12}}]},"12":{"line":313,"type":"if","locations":[{"start":{"line":313,"column":12},"end":{"line":313,"column":12}},{"start":{"line":313,"column":12},"end":{"line":313,"column":12}}]},"13":{"line":314,"type":"if","locations":[{"start":{"line":314,"column":12},"end":{"line":314,"column":12}},{"start":{"line":314,"column":12},"end":{"line":314,"column":12}}]}}},"contracts/WHBAR.sol":{"l":{"19":118,"23":116,"36":159,"45":100,"57":16,"63":14,"64":14,"69":15,"74":3,"79":141,"83":141,"84":141},"path":"/Users/ventsislav/Documents/projects/hedera/hedera-eth-bridge-contracts/contracts/WHBAR.sol","s":{"1":118,"2":159,"3":100,"4":16,"5":14,"6":14,"7":15,"8":3,"9":141,"10":141,"11":141},"b":{"1":[116,2],"2":[141,0]},"f":{"1":118,"2":159,"3":100,"4":16,"5":15,"6":3,"7":141},"fnMap":{"1":{"name":"onlyRouterCountract","line":18,"loc":{"start":{"line":18,"column":4},"end":{"line":18,"column":32}}},"2":{"name":"constructor","line":31,"loc":{"start":{"line":31,"column":4},"end":{"line":35,"column":44}}},"3":{"name":"mint","line":44,"loc":{"start":{"line":44,"column":4},"end":{"line":44,"column":75}}},"4":{"name":"burnFrom","line":53,"loc":{"start":{"line":53,"column":4},"end":{"line":56,"column":5}}},"5":{"name":"pause","line":68,"loc":{"start":{"line":68,"column":4},"end":{"line":68,"column":35}}},"6":{"name":"unpause","line":73,"loc":{"start":{"line":73,"column":4},"end":{"line":73,"column":37}}},"7":{"name":"setRouterAddress","line":78,"loc":{"start":{"line":78,"column":4},"end":{"line":78,"column":68}}}},"statementMap":{"1":{"start":{"line":19,"column":8},"end":{"line":19,"column":579}},"2":{"start":{"line":36,"column":8},"end":{"line":36,"column":37}},"3":{"start":{"line":45,"column":8},"end":{"line":45,"column":35}},"4":{"start":{"line":57,"column":8},"end":{"line":57,"column":1710}},"5":{"start":{"line":63,"column":8},"end":{"line":63,"column":58}},"6":{"start":{"line":64,"column":8},"end":{"line":64,"column":29}},"7":{"start":{"line":69,"column":8},"end":{"line":69,"column":21}},"8":{"start":{"line":74,"column":8},"end":{"line":74,"column":23}},"9":{"start":{"line":79,"column":8},"end":{"line":79,"column":2323}},"10":{"start":{"line":83,"column":8},"end":{"line":83,"column":37}},"11":{"start":{"line":84,"column":8},"end":{"line":84,"column":44}}},"branchMap":{"1":{"line":19,"type":"if","locations":[{"start":{"line":19,"column":8},"end":{"line":19,"column":8}},{"start":{"line":19,"column":8},"end":{"line":19,"column":8}}]},"2":{"line":79,"type":"if","locations":[{"start":{"line":79,"column":8},"end":{"line":79,"column":8}},{"start":{"line":79,"column":8},"end":{"line":79,"column":8}}]}}}}